[0.054s] colcon DEBUG Command line arguments: ['/usr/bin/colcon', 'list', '-p', '--base-paths', '/home/gan/ros2_chapt3/topic_ws', '--log-base', '/dev/null']
[0.054s] colcon DEBUG Parsed command line arguments: Namespace(log_base=None, log_level=None, verb_name='list', build_base='build', ignore_user_meta=False, metas=['./colcon.meta'], base_paths=['/home/gan/ros2_chapt3/topic_ws', '--log-base', '/dev/null'], packages_ignore=None, packages_ignore_regex=None, paths=None, packages_up_to=None, packages_up_to_regex=None, packages_above=None, packages_above_and_dependencies=None, packages_above_depth=None, packages_select_by_dep=None, packages_skip_by_dep=None, packages_skip_up_to=None, packages_select_build_failed=False, packages_skip_build_finished=False, packages_select_test_failures=False, packages_skip_test_passed=False, packages_select=None, packages_skip=None, packages_select_regex=None, packages_skip_regex=None, packages_start=None, packages_end=None, allow_overriding=[], topological_order=False, names_only=False, paths_only=True, topological_graph=False, topological_graph_dot=False, topological_graph_density=False, topological_graph_legend=False, topological_graph_dot_cluster=False, topological_graph_dot_include_skipped=False, verb_parser=<colcon_defaults.argument_parser.defaults.DefaultArgumentsDecorator object at 0x72f3b489bdf0>, verb_extension=<colcon_package_information.verb.list.ListVerb object at 0x72f3b47f09a0>, main=<bound method ListVerb.main of <colcon_package_information.verb.list.ListVerb object at 0x72f3b47f09a0>>)
[0.164s] colcon.colcon_core.package_discovery Level 1 discover_packages(colcon_meta) check parameters
[0.164s] colcon.colcon_core.package_discovery Level 1 discover_packages(recursive) check parameters
[0.164s] colcon.colcon_core.package_discovery Level 1 discover_packages(ignore) check parameters
[0.164s] colcon.colcon_core.package_discovery Level 1 discover_packages(path) check parameters
[0.164s] colcon.colcon_core.package_discovery Level 1 discover_packages(recursive) discover
[0.164s] colcon.colcon_core.package_discovery INFO Crawling recursively for packages in '/home/gan/ros2_chapt3/topic_ws', '/home/gan/ros2_chapt3/topic_ws/--log-base', '/dev/null'
[0.164s] colcon.colcon_core.package_identification Level 1 _identify(/home/gan/ros2_chapt3/topic_ws) by extensions ['ignore', 'ignore_ament_install']
[0.164s] colcon.colcon_core.package_identification Level 1 _identify(/home/gan/ros2_chapt3/topic_ws) by extension 'ignore'
[0.164s] colcon.colcon_core.package_identification Level 1 _identify(/home/gan/ros2_chapt3/topic_ws) by extension 'ignore_ament_install'
[0.164s] colcon.colcon_core.package_identification Level 1 _identify(/home/gan/ros2_chapt3/topic_ws) by extensions ['colcon_pkg']
[0.164s] colcon.colcon_core.package_identification Level 1 _identify(/home/gan/ros2_chapt3/topic_ws) by extension 'colcon_pkg'
[0.164s] colcon.colcon_core.package_identification Level 1 _identify(/home/gan/ros2_chapt3/topic_ws) by extensions ['colcon_meta']
[0.164s] colcon.colcon_core.package_identification Level 1 _identify(/home/gan/ros2_chapt3/topic_ws) by extension 'colcon_meta'
[0.164s] colcon.colcon_core.package_identification Level 1 _identify(/home/gan/ros2_chapt3/topic_ws) by extensions ['ros']
[0.164s] colcon.colcon_core.package_identification Level 1 _identify(/home/gan/ros2_chapt3/topic_ws) by extension 'ros'
[0.181s] colcon.colcon_core.package_identification Level 1 _identify(/home/gan/ros2_chapt3/topic_ws) by extensions ['cmake', 'python']
[0.182s] colcon.colcon_core.package_identification Level 1 _identify(/home/gan/ros2_chapt3/topic_ws) by extension 'cmake'
[0.182s] colcon.colcon_core.package_identification Level 1 _identify(/home/gan/ros2_chapt3/topic_ws) by extension 'python'
[0.182s] colcon.colcon_core.package_identification Level 1 _identify(/home/gan/ros2_chapt3/topic_ws) by extensions ['python_setup_py']
[0.182s] colcon.colcon_core.package_identification Level 1 _identify(/home/gan/ros2_chapt3/topic_ws) by extension 'python_setup_py'
[0.182s] colcon.colcon_core.package_identification Level 1 _identify(/home/gan/ros2_chapt3/topic_ws/build) by extensions ['ignore', 'ignore_ament_install']
[0.182s] colcon.colcon_core.package_identification Level 1 _identify(/home/gan/ros2_chapt3/topic_ws/build) by extension 'ignore'
[0.182s] colcon.colcon_core.package_identification Level 1 _identify(/home/gan/ros2_chapt3/topic_ws/build) ignored
[0.182s] colcon.colcon_core.package_identification Level 1 _identify(/home/gan/ros2_chapt3/topic_ws/install) by extensions ['ignore', 'ignore_ament_install']
[0.182s] colcon.colcon_core.package_identification Level 1 _identify(/home/gan/ros2_chapt3/topic_ws/install) by extension 'ignore'
[0.182s] colcon.colcon_core.package_identification Level 1 _identify(/home/gan/ros2_chapt3/topic_ws/install) ignored
[0.182s] colcon.colcon_core.package_identification Level 1 _identify(/home/gan/ros2_chapt3/topic_ws/log) by extensions ['ignore', 'ignore_ament_install']
[0.183s] colcon.colcon_core.package_identification Level 1 _identify(/home/gan/ros2_chapt3/topic_ws/log) by extension 'ignore'
[0.183s] colcon.colcon_core.package_identification Level 1 _identify(/home/gan/ros2_chapt3/topic_ws/log) ignored
[0.183s] colcon.colcon_core.package_identification Level 1 _identify(/home/gan/ros2_chapt3/topic_ws/src) by extensions ['ignore', 'ignore_ament_install']
[0.183s] colcon.colcon_core.package_identification Level 1 _identify(/home/gan/ros2_chapt3/topic_ws/src) by extension 'ignore'
[0.183s] colcon.colcon_core.package_identification Level 1 _identify(/home/gan/ros2_chapt3/topic_ws/src) by extension 'ignore_ament_install'
[0.183s] colcon.colcon_core.package_identification Level 1 _identify(/home/gan/ros2_chapt3/topic_ws/src) by extensions ['colcon_pkg']
[0.183s] colcon.colcon_core.package_identification Level 1 _identify(/home/gan/ros2_chapt3/topic_ws/src) by extension 'colcon_pkg'
[0.183s] colcon.colcon_core.package_identification Level 1 _identify(/home/gan/ros2_chapt3/topic_ws/src) by extensions ['colcon_meta']
[0.183s] colcon.colcon_core.package_identification Level 1 _identify(/home/gan/ros2_chapt3/topic_ws/src) by extension 'colcon_meta'
[0.183s] colcon.colcon_core.package_identification Level 1 _identify(/home/gan/ros2_chapt3/topic_ws/src) by extensions ['ros']
[0.183s] colcon.colcon_core.package_identification Level 1 _identify(/home/gan/ros2_chapt3/topic_ws/src) by extension 'ros'
[0.183s] colcon.colcon_core.package_identification Level 1 _identify(/home/gan/ros2_chapt3/topic_ws/src) by extensions ['cmake', 'python']
[0.183s] colcon.colcon_core.package_identification Level 1 _identify(/home/gan/ros2_chapt3/topic_ws/src) by extension 'cmake'
[0.183s] colcon.colcon_core.package_identification Level 1 _identify(/home/gan/ros2_chapt3/topic_ws/src) by extension 'python'
[0.183s] colcon.colcon_core.package_identification Level 1 _identify(/home/gan/ros2_chapt3/topic_ws/src) by extensions ['python_setup_py']
[0.183s] colcon.colcon_core.package_identification Level 1 _identify(/home/gan/ros2_chapt3/topic_ws/src) by extension 'python_setup_py'
[0.183s] colcon.colcon_core.package_identification Level 1 _identify(/home/gan/ros2_chapt3/topic_ws/src/cpp_topic_pkg) by extensions ['ignore', 'ignore_ament_install']
[0.183s] colcon.colcon_core.package_identification Level 1 _identify(/home/gan/ros2_chapt3/topic_ws/src/cpp_topic_pkg) by extension 'ignore'
[0.183s] colcon.colcon_core.package_identification Level 1 _identify(/home/gan/ros2_chapt3/topic_ws/src/cpp_topic_pkg) by extension 'ignore_ament_install'
[0.183s] colcon.colcon_core.package_identification Level 1 _identify(/home/gan/ros2_chapt3/topic_ws/src/cpp_topic_pkg) by extensions ['colcon_pkg']
[0.183s] colcon.colcon_core.package_identification Level 1 _identify(/home/gan/ros2_chapt3/topic_ws/src/cpp_topic_pkg) by extension 'colcon_pkg'
[0.183s] colcon.colcon_core.package_identification Level 1 _identify(/home/gan/ros2_chapt3/topic_ws/src/cpp_topic_pkg) by extensions ['colcon_meta']
[0.183s] colcon.colcon_core.package_identification Level 1 _identify(/home/gan/ros2_chapt3/topic_ws/src/cpp_topic_pkg) by extension 'colcon_meta'
[0.183s] colcon.colcon_core.package_identification Level 1 _identify(/home/gan/ros2_chapt3/topic_ws/src/cpp_topic_pkg) by extensions ['ros']
[0.183s] colcon.colcon_core.package_identification Level 1 _identify(/home/gan/ros2_chapt3/topic_ws/src/cpp_topic_pkg) by extension 'ros'
[0.185s] colcon.colcon_core.package_identification DEBUG Package '/home/gan/ros2_chapt3/topic_ws/src/cpp_topic_pkg' with type 'ros.ament_cmake' and name 'cpp_topic_pkg'
[0.186s] colcon.colcon_core.package_discovery Level 1 discover_packages(recursive) using defaults
