[35m[1mConsolidate compiler generated dependencies of target demo_cpp_ctrl[0m
[ 50%] Built target turtle_circle
[ 75%] [32mBuilding CXX object CMakeFiles/demo_cpp_ctrl.dir/src/demo_cpp_ctrl.cpp.o[0m
[01m[K/home/gan/ros2_chapt3/topic_ws/src/cpp_topic_pkg/src/demo_cpp_ctrl.cpp:[m[K In member function ‘[01m[Kvoid TurtleCtrlNode::subscriber_callback(turtlesim::msg::Pose_<std::allocator<void> >::SharedPtr)[m[K’:
[01m[K/home/gan/ros2_chapt3/topic_ws/src/cpp_topic_pkg/src/demo_cpp_ctrl.cpp:46:56:[m[K [01;35m[Kwarning: [m[Kleft operand of comma operator has no effect [[01;35m[K]8;;https://gcc.gnu.org/onlinedocs/gcc/Warning-Options.html#index-Wunused-value-Wunused-value]8;;[m[K]
   46 |         auto angle = std::atan2((target_y_-current_y),([01;35m[Ktarget_x_[m[K,-current_x))-pose->theta;
      |                                                        [01;35m[K^~~~~~~~~[m[K
[100%] [32m[1mLinking CXX executable demo_cpp_ctrl[0m
[100%] Built target demo_cpp_ctrl
-- Install configuration: ""
-- Up-to-date: /home/gan/ros2_chapt3/topic_ws/install/cpp_topic_pkg/lib/cpp_topic_pkg/turtle_circle
-- Installing: /home/gan/ros2_chapt3/topic_ws/install/cpp_topic_pkg/lib/cpp_topic_pkg/demo_cpp_ctrl
-- Set runtime path of "/home/gan/ros2_chapt3/topic_ws/install/cpp_topic_pkg/lib/cpp_topic_pkg/demo_cpp_ctrl" to ""
-- Up-to-date: /home/gan/ros2_chapt3/topic_ws/install/cpp_topic_pkg/share/ament_index/resource_index/package_run_dependencies/cpp_topic_pkg
-- Up-to-date: /home/gan/ros2_chapt3/topic_ws/install/cpp_topic_pkg/share/ament_index/resource_index/parent_prefix_path/cpp_topic_pkg
-- Up-to-date: /home/gan/ros2_chapt3/topic_ws/install/cpp_topic_pkg/share/cpp_topic_pkg/environment/ament_prefix_path.sh
-- Up-to-date: /home/gan/ros2_chapt3/topic_ws/install/cpp_topic_pkg/share/cpp_topic_pkg/environment/ament_prefix_path.dsv
-- Up-to-date: /home/gan/ros2_chapt3/topic_ws/install/cpp_topic_pkg/share/cpp_topic_pkg/environment/path.sh
-- Up-to-date: /home/gan/ros2_chapt3/topic_ws/install/cpp_topic_pkg/share/cpp_topic_pkg/environment/path.dsv
-- Up-to-date: /home/gan/ros2_chapt3/topic_ws/install/cpp_topic_pkg/share/cpp_topic_pkg/local_setup.bash
-- Up-to-date: /home/gan/ros2_chapt3/topic_ws/install/cpp_topic_pkg/share/cpp_topic_pkg/local_setup.sh
-- Up-to-date: /home/gan/ros2_chapt3/topic_ws/install/cpp_topic_pkg/share/cpp_topic_pkg/local_setup.zsh
-- Up-to-date: /home/gan/ros2_chapt3/topic_ws/install/cpp_topic_pkg/share/cpp_topic_pkg/local_setup.dsv
-- Installing: /home/gan/ros2_chapt3/topic_ws/install/cpp_topic_pkg/share/cpp_topic_pkg/package.dsv
-- Up-to-date: /home/gan/ros2_chapt3/topic_ws/install/cpp_topic_pkg/share/ament_index/resource_index/packages/cpp_topic_pkg
-- Up-to-date: /home/gan/ros2_chapt3/topic_ws/install/cpp_topic_pkg/share/cpp_topic_pkg/cmake/cpp_topic_pkgConfig.cmake
-- Up-to-date: /home/gan/ros2_chapt3/topic_ws/install/cpp_topic_pkg/share/cpp_topic_pkg/cmake/cpp_topic_pkgConfig-version.cmake
-- Up-to-date: /home/gan/ros2_chapt3/topic_ws/install/cpp_topic_pkg/share/cpp_topic_pkg/package.xml
