[0.044s] Invoking command in '/home/gan/ros2_chapt3/topic_ws/build/cpp_topic_pkg': CMAKE_PREFIX_PATH=/opt/ros/humble /usr/bin/cmake --build /home/gan/ros2_chapt3/topic_ws/build/cpp_topic_pkg -- -j20 -l20
[0.583s] -- Found ament_cmake: 1.3.12 (/opt/ros/humble/share/ament_cmake/cmake)
[1.109s] -- Found rclcpp: 16.0.16 (/opt/ros/humble/share/rclcpp/cmake)
[1.391s] -- Found rosidl_generator_c: 3.1.7 (/opt/ros/humble/share/rosidl_generator_c/cmake)
[1.420s] -- Found rosidl_adapter: 3.1.7 (/opt/ros/humble/share/rosidl_adapter/cmake)
[1.460s] -- Found rosidl_generator_cpp: 3.1.7 (/opt/ros/humble/share/rosidl_generator_cpp/cmake)
[1.512s] -- Using all available rosidl_typesupport_c: rosidl_typesupport_fastrtps_c;rosidl_typesupport_introspection_c
[1.589s] -- Using all available rosidl_typesupport_cpp: rosidl_typesupport_fastrtps_cpp;rosidl_typesupport_introspection_cpp
[1.784s] -- Found rmw_implementation_cmake: 6.1.2 (/opt/ros/humble/share/rmw_implementation_cmake/cmake)
[1.810s] -- Found rmw_fastrtps_cpp: 6.2.9 (/opt/ros/humble/share/rmw_fastrtps_cpp/cmake)
[2.246s] -- Using RMW implementation 'rmw_fastrtps_cpp' as default
[2.529s] -- Found geometry_msgs: 4.9.0 (/opt/ros/humble/share/geometry_msgs/cmake)
[2.548s] -- Found turtlesim: 1.4.3 (/opt/ros/humble/share/turtlesim/cmake)
[2.676s] -- Found ament_lint_auto: 0.12.14 (/opt/ros/humble/share/ament_lint_auto/cmake)
[2.937s] -- Added test 'cppcheck' to perform static code analysis on C / C++ code
[2.937s] -- Configured cppcheck include dirs: 
[2.937s] -- Configured cppcheck exclude dirs and/or files: 
[2.944s] -- Added test 'lint_cmake' to check CMake code style
[2.973s] -- Added test 'uncrustify' to check C / C++ code style
[2.973s] -- Configured uncrustify additional arguments: 
[2.993s] -- Added test 'xmllint' to check XML markup files
[2.994s] -- Configuring done
[3.051s] -- Generating done
[3.058s] -- Build files have been written to: /home/gan/ros2_chapt3/topic_ws/build/cpp_topic_pkg
[3.088s] [35m[1mConsolidate compiler generated dependencies of target turtle_circle[0m
[3.098s] [ 25%] [32mBuilding CXX object CMakeFiles/demo_cpp_ctrl.dir/src/demo_cpp_ctrl.cpp.o[0m
[3.106s] [ 75%] Built target turtle_circle
[4.384s] [01m[K/home/gan/ros2_chapt3/topic_ws/src/cpp_topic_pkg/src/demo_cpp_ctrl.cpp:[m[K In member function ‘[01m[Kvoid TurtleCtrlNode::subscriber_callback(turtlesim::msg::Pose_<std::allocator<void> >::SharedPtr)[m[K’:
[4.384s] [01m[K/home/gan/ros2_chapt3/topic_ws/src/cpp_topic_pkg/src/demo_cpp_ctrl.cpp:46:56:[m[K [01;35m[Kwarning: [m[Kleft operand of comma operator has no effect [[01;35m[K]8;;https://gcc.gnu.org/onlinedocs/gcc/Warning-Options.html#index-Wunused-value-Wunused-value]8;;[m[K]
[4.384s]    46 |         auto angle = std::atan2((target_y_-current_y),([01;35m[Ktarget_x_[m[K,current_x))-pose->theta;
[4.384s]       |                                                        [01;35m[K^~~~~~~~~[m[K
[8.042s] [100%] [32m[1mLinking CXX executable demo_cpp_ctrl[0m
[9.718s] [100%] Built target demo_cpp_ctrl
[9.725s] Invoked command in '/home/gan/ros2_chapt3/topic_ws/build/cpp_topic_pkg' returned '0': CMAKE_PREFIX_PATH=/opt/ros/humble /usr/bin/cmake --build /home/gan/ros2_chapt3/topic_ws/build/cpp_topic_pkg -- -j20 -l20
[9.733s] Invoking command in '/home/gan/ros2_chapt3/topic_ws/build/cpp_topic_pkg': CMAKE_PREFIX_PATH=/opt/ros/humble /usr/bin/cmake --install /home/gan/ros2_chapt3/topic_ws/build/cpp_topic_pkg
[9.739s] -- Install configuration: ""
[9.775s] -- Up-to-date: /home/gan/ros2_chapt3/topic_ws/install/cpp_topic_pkg/lib/cpp_topic_pkg/turtle_circle
[9.775s] -- Installing: /home/gan/ros2_chapt3/topic_ws/install/cpp_topic_pkg/lib/cpp_topic_pkg/demo_cpp_ctrl
[9.777s] -- Set runtime path of "/home/gan/ros2_chapt3/topic_ws/install/cpp_topic_pkg/lib/cpp_topic_pkg/demo_cpp_ctrl" to ""
[9.777s] -- Up-to-date: /home/gan/ros2_chapt3/topic_ws/install/cpp_topic_pkg/share/ament_index/resource_index/package_run_dependencies/cpp_topic_pkg
[9.777s] -- Up-to-date: /home/gan/ros2_chapt3/topic_ws/install/cpp_topic_pkg/share/ament_index/resource_index/parent_prefix_path/cpp_topic_pkg
[9.777s] -- Up-to-date: /home/gan/ros2_chapt3/topic_ws/install/cpp_topic_pkg/share/cpp_topic_pkg/environment/ament_prefix_path.sh
[9.777s] -- Installing: /home/gan/ros2_chapt3/topic_ws/install/cpp_topic_pkg/share/cpp_topic_pkg/environment/ament_prefix_path.dsv
[9.777s] -- Up-to-date: /home/gan/ros2_chapt3/topic_ws/install/cpp_topic_pkg/share/cpp_topic_pkg/environment/path.sh
[9.777s] -- Installing: /home/gan/ros2_chapt3/topic_ws/install/cpp_topic_pkg/share/cpp_topic_pkg/environment/path.dsv
[9.777s] -- Up-to-date: /home/gan/ros2_chapt3/topic_ws/install/cpp_topic_pkg/share/cpp_topic_pkg/local_setup.bash
[9.777s] -- Up-to-date: /home/gan/ros2_chapt3/topic_ws/install/cpp_topic_pkg/share/cpp_topic_pkg/local_setup.sh
[9.777s] -- Up-to-date: /home/gan/ros2_chapt3/topic_ws/install/cpp_topic_pkg/share/cpp_topic_pkg/local_setup.zsh
[9.778s] -- Installing: /home/gan/ros2_chapt3/topic_ws/install/cpp_topic_pkg/share/cpp_topic_pkg/local_setup.dsv
[9.778s] -- Installing: /home/gan/ros2_chapt3/topic_ws/install/cpp_topic_pkg/share/cpp_topic_pkg/package.dsv
[9.778s] -- Up-to-date: /home/gan/ros2_chapt3/topic_ws/install/cpp_topic_pkg/share/ament_index/resource_index/packages/cpp_topic_pkg
[9.778s] -- Up-to-date: /home/gan/ros2_chapt3/topic_ws/install/cpp_topic_pkg/share/cpp_topic_pkg/cmake/cpp_topic_pkgConfig.cmake
[9.778s] -- Up-to-date: /home/gan/ros2_chapt3/topic_ws/install/cpp_topic_pkg/share/cpp_topic_pkg/cmake/cpp_topic_pkgConfig-version.cmake
[9.778s] -- Up-to-date: /home/gan/ros2_chapt3/topic_ws/install/cpp_topic_pkg/share/cpp_topic_pkg/package.xml
[9.779s] Invoked command in '/home/gan/ros2_chapt3/topic_ws/build/cpp_topic_pkg' returned '0': CMAKE_PREFIX_PATH=/opt/ros/humble /usr/bin/cmake --install /home/gan/ros2_chapt3/topic_ws/build/cpp_topic_pkg
