[35m[1mConsolidate compiler generated dependencies of target turtle_circle[0m
[ 50%] [32mBuilding CXX object CMakeFiles/turtle_circle.dir/src/demo_cpp_topic.cpp.o[0m
[100%] [32m[1mLinking CXX executable turtle_circle[0m
[100%] Built target turtle_circle
-- Install configuration: ""
-- Installing: /home/gan/ros2_chapt3/topic_ws/install/cpp_topic_pkg/lib/cpp_topic_pkg/turtle_circle
-- Set runtime path of "/home/gan/ros2_chapt3/topic_ws/install/cpp_topic_pkg/lib/cpp_topic_pkg/turtle_circle" to ""
-- Up-to-date: /home/gan/ros2_chapt3/topic_ws/install/cpp_topic_pkg/share/ament_index/resource_index/package_run_dependencies/cpp_topic_pkg
-- Up-to-date: /home/gan/ros2_chapt3/topic_ws/install/cpp_topic_pkg/share/ament_index/resource_index/parent_prefix_path/cpp_topic_pkg
-- Up-to-date: /home/gan/ros2_chapt3/topic_ws/install/cpp_topic_pkg/share/cpp_topic_pkg/environment/ament_prefix_path.sh
-- Up-to-date: /home/gan/ros2_chapt3/topic_ws/install/cpp_topic_pkg/share/cpp_topic_pkg/environment/ament_prefix_path.dsv
-- Up-to-date: /home/gan/ros2_chapt3/topic_ws/install/cpp_topic_pkg/share/cpp_topic_pkg/environment/path.sh
-- Up-to-date: /home/gan/ros2_chapt3/topic_ws/install/cpp_topic_pkg/share/cpp_topic_pkg/environment/path.dsv
-- Up-to-date: /home/gan/ros2_chapt3/topic_ws/install/cpp_topic_pkg/share/cpp_topic_pkg/local_setup.bash
-- Up-to-date: /home/gan/ros2_chapt3/topic_ws/install/cpp_topic_pkg/share/cpp_topic_pkg/local_setup.sh
-- Up-to-date: /home/gan/ros2_chapt3/topic_ws/install/cpp_topic_pkg/share/cpp_topic_pkg/local_setup.zsh
-- Up-to-date: /home/gan/ros2_chapt3/topic_ws/install/cpp_topic_pkg/share/cpp_topic_pkg/local_setup.dsv
-- Installing: /home/gan/ros2_chapt3/topic_ws/install/cpp_topic_pkg/share/cpp_topic_pkg/package.dsv
-- Up-to-date: /home/gan/ros2_chapt3/topic_ws/install/cpp_topic_pkg/share/ament_index/resource_index/packages/cpp_topic_pkg
-- Up-to-date: /home/gan/ros2_chapt3/topic_ws/install/cpp_topic_pkg/share/cpp_topic_pkg/cmake/cpp_topic_pkgConfig.cmake
-- Up-to-date: /home/gan/ros2_chapt3/topic_ws/install/cpp_topic_pkg/share/cpp_topic_pkg/cmake/cpp_topic_pkgConfig-version.cmake
-- Up-to-date: /home/gan/ros2_chapt3/topic_ws/install/cpp_topic_pkg/share/cpp_topic_pkg/package.xml
