[0.009s] Invoking command in '/home/gan/ros2_chapt3/topic_ws/build/cpp_topic_pkg': CMAKE_PREFIX_PATH=/opt/ros/humble /usr/bin/cmake --build /home/gan/ros2_chapt3/topic_ws/build/cpp_topic_pkg -- -j20 -l20
[0.047s] [35m[1mConsolidate compiler generated dependencies of target demo_cpp_ctrl[0m
[0.057s] [ 50%] Built target turtle_circle
[0.062s] [ 75%] [32mBuilding CXX object CMakeFiles/demo_cpp_ctrl.dir/src/demo_cpp_ctrl.cpp.o[0m
[5.929s] [100%] [32m[1mLinking CXX executable demo_cpp_ctrl[0m
[6.198s] [100%] Built target demo_cpp_ctrl
[6.208s] Invoked command in '/home/gan/ros2_chapt3/topic_ws/build/cpp_topic_pkg' returned '0': CMAKE_PREFIX_PATH=/opt/ros/humble /usr/bin/cmake --build /home/gan/ros2_chapt3/topic_ws/build/cpp_topic_pkg -- -j20 -l20
[6.217s] Invoking command in '/home/gan/ros2_chapt3/topic_ws/build/cpp_topic_pkg': CMAKE_PREFIX_PATH=/opt/ros/humble /usr/bin/cmake --install /home/gan/ros2_chapt3/topic_ws/build/cpp_topic_pkg
[6.224s] -- Install configuration: ""
[6.224s] -- Up-to-date: /home/gan/ros2_chapt3/topic_ws/install/cpp_topic_pkg/lib/cpp_topic_pkg/turtle_circle
[6.225s] -- Installing: /home/gan/ros2_chapt3/topic_ws/install/cpp_topic_pkg/lib/cpp_topic_pkg/demo_cpp_ctrl
[6.228s] -- Set runtime path of "/home/gan/ros2_chapt3/topic_ws/install/cpp_topic_pkg/lib/cpp_topic_pkg/demo_cpp_ctrl" to ""
[6.228s] -- Up-to-date: /home/gan/ros2_chapt3/topic_ws/install/cpp_topic_pkg/share/ament_index/resource_index/package_run_dependencies/cpp_topic_pkg
[6.228s] -- Up-to-date: /home/gan/ros2_chapt3/topic_ws/install/cpp_topic_pkg/share/ament_index/resource_index/parent_prefix_path/cpp_topic_pkg
[6.228s] -- Up-to-date: /home/gan/ros2_chapt3/topic_ws/install/cpp_topic_pkg/share/cpp_topic_pkg/environment/ament_prefix_path.sh
[6.228s] -- Up-to-date: /home/gan/ros2_chapt3/topic_ws/install/cpp_topic_pkg/share/cpp_topic_pkg/environment/ament_prefix_path.dsv
[6.228s] -- Up-to-date: /home/gan/ros2_chapt3/topic_ws/install/cpp_topic_pkg/share/cpp_topic_pkg/environment/path.sh
[6.228s] -- Up-to-date: /home/gan/ros2_chapt3/topic_ws/install/cpp_topic_pkg/share/cpp_topic_pkg/environment/path.dsv
[6.228s] -- Up-to-date: /home/gan/ros2_chapt3/topic_ws/install/cpp_topic_pkg/share/cpp_topic_pkg/local_setup.bash
[6.228s] -- Up-to-date: /home/gan/ros2_chapt3/topic_ws/install/cpp_topic_pkg/share/cpp_topic_pkg/local_setup.sh
[6.228s] -- Up-to-date: /home/gan/ros2_chapt3/topic_ws/install/cpp_topic_pkg/share/cpp_topic_pkg/local_setup.zsh
[6.228s] -- Up-to-date: /home/gan/ros2_chapt3/topic_ws/install/cpp_topic_pkg/share/cpp_topic_pkg/local_setup.dsv
[6.228s] -- Installing: /home/gan/ros2_chapt3/topic_ws/install/cpp_topic_pkg/share/cpp_topic_pkg/package.dsv
[6.228s] -- Up-to-date: /home/gan/ros2_chapt3/topic_ws/install/cpp_topic_pkg/share/ament_index/resource_index/packages/cpp_topic_pkg
[6.228s] -- Up-to-date: /home/gan/ros2_chapt3/topic_ws/install/cpp_topic_pkg/share/cpp_topic_pkg/cmake/cpp_topic_pkgConfig.cmake
[6.228s] -- Up-to-date: /home/gan/ros2_chapt3/topic_ws/install/cpp_topic_pkg/share/cpp_topic_pkg/cmake/cpp_topic_pkgConfig-version.cmake
[6.228s] -- Up-to-date: /home/gan/ros2_chapt3/topic_ws/install/cpp_topic_pkg/share/cpp_topic_pkg/package.xml
[6.231s] Invoked command in '/home/gan/ros2_chapt3/topic_ws/build/cpp_topic_pkg' returned '0': CMAKE_PREFIX_PATH=/opt/ros/humble /usr/bin/cmake --install /home/gan/ros2_chapt3/topic_ws/build/cpp_topic_pkg
