-- Found ament_cmake: 1.3.12 (/opt/ros/humble/share/ament_cmake/cmake)
-- Found rclcpp: 16.0.16 (/opt/ros/humble/share/rclcpp/cmake)
-- Found rosidl_generator_c: 3.1.7 (/opt/ros/humble/share/rosidl_generator_c/cmake)
-- Found rosidl_adapter: 3.1.7 (/opt/ros/humble/share/rosidl_adapter/cmake)
-- Found rosidl_generator_cpp: 3.1.7 (/opt/ros/humble/share/rosidl_generator_cpp/cmake)
-- Using all available rosidl_typesupport_c: rosidl_typesupport_fastrtps_c;rosidl_typesupport_introspection_c
-- Using all available rosidl_typesupport_cpp: rosidl_typesupport_fastrtps_cpp;rosidl_typesupport_introspection_cpp
-- Found rmw_implementation_cmake: 6.1.2 (/opt/ros/humble/share/rmw_implementation_cmake/cmake)
-- Found rmw_fastrtps_cpp: 6.2.9 (/opt/ros/humble/share/rmw_fastrtps_cpp/cmake)
-- Using RMW implementation 'rmw_fastrtps_cpp' as default
-- Found geometry_msgs: 4.9.0 (/opt/ros/humble/share/geometry_msgs/cmake)
-- Found turtlesim: 1.4.3 (/opt/ros/humble/share/turtlesim/cmake)
-- Found ament_lint_auto: 0.12.14 (/opt/ros/humble/share/ament_lint_auto/cmake)
-- Added test 'cppcheck' to perform static code analysis on C / C++ code
-- Configured cppcheck include dirs: 
-- Configured cppcheck exclude dirs and/or files: 
-- Added test 'lint_cmake' to check CMake code style
-- Added test 'uncrustify' to check C / C++ code style
-- Configured uncrustify additional arguments: 
-- Added test 'xmllint' to check XML markup files
-- Configuring done
-- Generating done
-- Build files have been written to: /home/gan/ros2_chapt3/topic_ws/build/cpp_topic_pkg
[ 50%] [32mBuilding CXX object CMakeFiles/turtle_circle.dir/src/demo_cpp_topic.cpp.o[0m
[100%] [32m[1mLinking CXX executable turtle_circle[0m
[100%] Built target turtle_circle
-- Install configuration: ""
-- Installing: /home/gan/ros2_chapt3/topic_ws/install/cpp_topic_pkg/lib/cpp_topic_pkg/turtle_circle
-- Set runtime path of "/home/gan/ros2_chapt3/topic_ws/install/cpp_topic_pkg/lib/cpp_topic_pkg/turtle_circle" to ""
-- Up-to-date: /home/gan/ros2_chapt3/topic_ws/install/cpp_topic_pkg/share/ament_index/resource_index/package_run_dependencies/cpp_topic_pkg
-- Up-to-date: /home/gan/ros2_chapt3/topic_ws/install/cpp_topic_pkg/share/ament_index/resource_index/parent_prefix_path/cpp_topic_pkg
-- Up-to-date: /home/gan/ros2_chapt3/topic_ws/install/cpp_topic_pkg/share/cpp_topic_pkg/environment/ament_prefix_path.sh
-- Installing: /home/gan/ros2_chapt3/topic_ws/install/cpp_topic_pkg/share/cpp_topic_pkg/environment/ament_prefix_path.dsv
-- Up-to-date: /home/gan/ros2_chapt3/topic_ws/install/cpp_topic_pkg/share/cpp_topic_pkg/environment/path.sh
-- Installing: /home/gan/ros2_chapt3/topic_ws/install/cpp_topic_pkg/share/cpp_topic_pkg/environment/path.dsv
-- Up-to-date: /home/gan/ros2_chapt3/topic_ws/install/cpp_topic_pkg/share/cpp_topic_pkg/local_setup.bash
-- Up-to-date: /home/gan/ros2_chapt3/topic_ws/install/cpp_topic_pkg/share/cpp_topic_pkg/local_setup.sh
-- Up-to-date: /home/gan/ros2_chapt3/topic_ws/install/cpp_topic_pkg/share/cpp_topic_pkg/local_setup.zsh
-- Installing: /home/gan/ros2_chapt3/topic_ws/install/cpp_topic_pkg/share/cpp_topic_pkg/local_setup.dsv
-- Installing: /home/gan/ros2_chapt3/topic_ws/install/cpp_topic_pkg/share/cpp_topic_pkg/package.dsv
-- Up-to-date: /home/gan/ros2_chapt3/topic_ws/install/cpp_topic_pkg/share/ament_index/resource_index/packages/cpp_topic_pkg
-- Up-to-date: /home/gan/ros2_chapt3/topic_ws/install/cpp_topic_pkg/share/cpp_topic_pkg/cmake/cpp_topic_pkgConfig.cmake
-- Up-to-date: /home/gan/ros2_chapt3/topic_ws/install/cpp_topic_pkg/share/cpp_topic_pkg/cmake/cpp_topic_pkgConfig-version.cmake
-- Up-to-date: /home/gan/ros2_chapt3/topic_ws/install/cpp_topic_pkg/share/cpp_topic_pkg/package.xml
